2025-05-31 10:02:02 ERROR o.s.boot.SpringApplication - Application run failed
java.lang.IllegalStateException: java.lang.IllegalStateException: Logback configuration error detected: 
ERROR in ch.qos.logback.core.pattern.parser.Compiler@73914cc7 - There is no conversion class registered for composite conversion word [clr]
ERROR in ch.qos.logback.core.pattern.parser.Compiler@73914cc7 - Failed to create converter for [%clr] keyword
ERROR in ch.qos.logback.core.pattern.parser.Compiler@73914cc7 - There is no conversion class registered for composite conversion word [clr]
ERROR in ch.qos.logback.core.pattern.parser.Compiler@73914cc7 - Failed to create converter for [%clr] keyword
	at org.springframework.boot.context.logging.LoggingApplicationListener.initializeSystem(LoggingApplicationListener.java:347)
	at org.springframework.boot.context.logging.LoggingApplicationListener.initialize(LoggingApplicationListener.java:298)
	at org.springframework.boot.context.logging.LoggingApplicationListener.onApplicationEnvironmentPreparedEvent(LoggingApplicationListener.java:246)
	at org.springframework.boot.context.logging.LoggingApplicationListener.onApplicationEvent(LoggingApplicationListener.java:223)
	at org.springframework.context.event.SimpleApplicationEventMulticaster.doInvokeListener(SimpleApplicationEventMulticaster.java:174)
	at org.springframework.context.event.SimpleApplicationEventMulticaster.invokeListener(SimpleApplicationEventMulticaster.java:167)
	at org.springframework.context.event.SimpleApplicationEventMulticaster.multicastEvent(SimpleApplicationEventMulticaster.java:145)
	at org.springframework.context.event.SimpleApplicationEventMulticaster.multicastEvent(SimpleApplicationEventMulticaster.java:133)
	at org.springframework.boot.context.event.EventPublishingRunListener.multicastInitialEvent(EventPublishingRunListener.java:136)
	at org.springframework.boot.context.event.EventPublishingRunListener.environmentPrepared(EventPublishingRunListener.java:81)
	at org.springframework.boot.SpringApplicationRunListeners.lambda$environmentPrepared$2(SpringApplicationRunListeners.java:64)
	at java.base/java.lang.Iterable.forEach(Iterable.java:75)
	at org.springframework.boot.SpringApplicationRunListeners.doWithListeners(SpringApplicationRunListeners.java:118)
	at org.springframework.boot.SpringApplicationRunListeners.doWithListeners(SpringApplicationRunListeners.java:112)
	at org.springframework.boot.SpringApplicationRunListeners.environmentPrepared(SpringApplicationRunListeners.java:63)
	at org.springframework.boot.SpringApplication.prepareEnvironment(SpringApplication.java:360)
	at org.springframework.boot.SpringApplication.run(SpringApplication.java:319)
	at org.springframework.boot.SpringApplication.run(SpringApplication.java:1317)
	at org.springframework.boot.SpringApplication.run(SpringApplication.java:1306)
	at com.coder.springjwt.SpringBootServerApplication.main(SpringBootServerApplication.java:16)
	at java.base/jdk.internal.reflect.NativeMethodAccessorImpl.invoke0(Native Method)
	at java.base/jdk.internal.reflect.NativeMethodAccessorImpl.invoke(NativeMethodAccessorImpl.java:77)
	at java.base/jdk.internal.reflect.DelegatingMethodAccessorImpl.invoke(DelegatingMethodAccessorImpl.java:43)
	at java.base/java.lang.reflect.Method.invoke(Method.java:568)
	at org.springframework.boot.devtools.restart.RestartLauncher.run(RestartLauncher.java:50)
Caused by: java.lang.IllegalStateException: Logback configuration error detected: 
ERROR in ch.qos.logback.core.pattern.parser.Compiler@73914cc7 - There is no conversion class registered for composite conversion word [clr]
ERROR in ch.qos.logback.core.pattern.parser.Compiler@73914cc7 - Failed to create converter for [%clr] keyword
ERROR in ch.qos.logback.core.pattern.parser.Compiler@73914cc7 - There is no conversion class registered for composite conversion word [clr]
ERROR in ch.qos.logback.core.pattern.parser.Compiler@73914cc7 - Failed to create converter for [%clr] keyword
	at org.springframework.boot.logging.logback.LogbackLoggingSystem.reportConfigurationErrorsIfNecessary(LogbackLoggingSystem.java:275)
	at org.springframework.boot.logging.logback.LogbackLoggingSystem.loadConfiguration(LogbackLoggingSystem.java:253)
	at org.springframework.boot.logging.AbstractLoggingSystem.initializeWithConventions(AbstractLoggingSystem.java:80)
	at org.springframework.boot.logging.AbstractLoggingSystem.initialize(AbstractLoggingSystem.java:60)
	at org.springframework.boot.logging.logback.LogbackLoggingSystem.initialize(LogbackLoggingSystem.java:189)
	at org.springframework.boot.context.logging.LoggingApplicationListener.initializeSystem(LoggingApplicationListener.java:332)
	... 24 common frames omitted
2025-05-31 10:09:17 INFO  o.h.validator.internal.util.Version - HV000001: Hibernate Validator 8.0.1.Final
2025-05-31 10:09:17 INFO  c.c.s.SpringBootServerApplication - Starting SpringBootServerApplication using Java 17.0.9 with PID 3752 (C:\H DRIVE\MegaMart Project\Ecomm-adminPanel\spring-boot-server\target\classes started by amans in C:\H DRIVE\MegaMart Project\Ecomm-adminPanel)
2025-05-31 10:09:17 INFO  c.c.s.SpringBootServerApplication - The following 1 profile is active: "dev"
2025-05-31 10:09:17 INFO  o.s.b.d.e.DevToolsPropertyDefaultsPostProcessor - Devtools property defaults active! Set 'spring.devtools.add-properties' to 'false' to disable
2025-05-31 10:09:17 INFO  o.s.b.d.e.DevToolsPropertyDefaultsPostProcessor - For additional web related logging consider setting the 'logging.level.web' property to 'DEBUG'
2025-05-31 10:09:20 INFO  o.s.d.r.c.RepositoryConfigurationDelegate - Bootstrapping Spring Data JPA repositories in DEFAULT mode.
2025-05-31 10:09:21 INFO  o.s.d.r.c.RepositoryConfigurationDelegate - Finished Spring Data repository scanning in 502 ms. Found 36 JPA repository interfaces.
2025-05-31 10:09:23 INFO  o.s.b.w.e.tomcat.TomcatWebServer - Tomcat initialized with port(s): 8443 (https)
2025-05-31 10:09:23 INFO  o.a.coyote.http11.Http11NioProtocol - Initializing ProtocolHandler ["https-jsse-nio-8443"]
2025-05-31 10:09:23 INFO  o.a.catalina.core.StandardService - Starting service [Tomcat]
2025-05-31 10:09:23 INFO  o.a.catalina.core.StandardEngine - Starting Servlet engine: [Apache Tomcat/10.1.19]
2025-05-31 10:09:23 INFO  o.a.c.c.C.[Tomcat].[localhost].[/] - Initializing Spring embedded WebApplicationContext
2025-05-31 10:09:23 INFO  o.s.b.w.s.c.ServletWebServerApplicationContext - Root WebApplicationContext: initialization completed in 5720 ms
2025-05-31 10:09:24 INFO  o.h.jpa.internal.util.LogHelper - HHH000204: Processing PersistenceUnitInfo [name: default]
2025-05-31 10:09:24 INFO  org.hibernate.Version - HHH000412: Hibernate ORM core version 6.2.22.Final
2025-05-31 10:09:24 INFO  org.hibernate.cfg.Environment - HHH000406: Using bytecode reflection optimizer
2025-05-31 10:09:25 INFO  o.s.o.j.p.SpringPersistenceUnitInfo - No LoadTimeWeaver setup: ignoring JPA class transformer
2025-05-31 10:09:25 INFO  com.zaxxer.hikari.HikariDataSource - HikariPool-1 - Starting...
2025-05-31 10:09:25 INFO  com.zaxxer.hikari.pool.HikariPool - HikariPool-1 - Added connection com.mysql.cj.jdbc.ConnectionImpl@611ee968
2025-05-31 10:09:25 INFO  com.zaxxer.hikari.HikariDataSource - HikariPool-1 - Start completed.
2025-05-31 10:09:25 WARN  org.hibernate.orm.deprecation - HHH90000025: MySQLDialect does not need to be specified explicitly using 'hibernate.dialect' (remove the property setting and it will be selected by default)
2025-05-31 10:09:28 INFO  o.h.e.t.j.p.i.JtaPlatformInitiator - HHH000489: No JTA platform available (set 'hibernate.transaction.jta.platform' to enable JTA platform integration)
2025-05-31 10:09:29 INFO  o.s.o.j.LocalContainerEntityManagerFactoryBean - Initialized JPA EntityManagerFactory for persistence unit 'default'
2025-05-31 10:09:31 INFO  o.s.d.j.r.query.QueryEnhancerFactory - Hibernate is in classpath; If applicable, HQL parser will be used.
2025-05-31 10:09:35 WARN  o.s.b.a.o.j.JpaBaseConfiguration$JpaWebConfiguration - spring.jpa.open-in-view is enabled by default. Therefore, database queries may be performed during view rendering. Explicitly configure spring.jpa.open-in-view to disable this warning
2025-05-31 10:09:36 INFO  o.s.s.web.DefaultSecurityFilterChain - Will secure any request with [org.springframework.security.web.session.DisableEncodeUrlFilter@5fd2818e, org.springframework.security.web.context.request.async.WebAsyncManagerIntegrationFilter@34baf809, org.springframework.security.web.context.SecurityContextHolderFilter@368b1ce8, org.springframework.security.web.header.HeaderWriterFilter@64e9bd09, org.springframework.security.web.authentication.logout.LogoutFilter@59c2968b, com.coder.springjwt.security.jwt.AuthTokenFilter@38057393, org.springframework.security.web.savedrequest.RequestCacheAwareFilter@6c13949c, org.springframework.security.web.servletapi.SecurityContextHolderAwareRequestFilter@396ac212, org.springframework.security.web.authentication.AnonymousAuthenticationFilter@1fd7a68b, org.springframework.security.web.session.SessionManagementFilter@39986def, org.springframework.security.web.access.ExceptionTranslationFilter@2c46f9f7, org.springframework.security.web.access.intercept.AuthorizationFilter@338b110c]
2025-05-31 10:09:37 INFO  o.s.b.d.a.OptionalLiveReloadServer - LiveReload server is running on port 35729
2025-05-31 10:09:37 INFO  o.s.b.w.e.tomcat.TomcatWebServer - Tomcat started on port(s): 8443 (https) with context path ''
2025-05-31 10:09:37 INFO  c.c.s.SpringBootServerApplication - Started SpringBootServerApplication in 20.891 seconds (process running for 22.463)
2025-05-31 10:09:37 INFO  o.s.o.j.LocalContainerEntityManagerFactoryBean - Closing JPA EntityManagerFactory for persistence unit 'default'
2025-05-31 10:09:37 INFO  com.zaxxer.hikari.HikariDataSource - HikariPool-1 - Shutdown initiated...
2025-05-31 10:09:37 INFO  com.zaxxer.hikari.HikariDataSource - HikariPool-1 - Shutdown completed.
2025-05-31T10:09:43.055+05:30  INFO 115440 --- [restartedMain] c.c.s.SpringBootServerApplication        : Starting SpringBootServerApplication using Java 17.0.9 with PID 115440 (C:\H DRIVE\MegaMart Project\Ecomm-adminPanel\spring-boot-server\target\classes started by amans in C:\H DRIVE\MegaMart Project\Ecomm-adminPanel)
2025-05-31T10:09:43.058+05:30  INFO 115440 --- [restartedMain] c.c.s.SpringBootServerApplication        : The following 1 profile is active: "dev"
2025-05-31T10:09:43.281+05:30  INFO 115440 --- [restartedMain] .e.DevToolsPropertyDefaultsPostProcessor : Devtools property defaults active! Set 'spring.devtools.add-properties' to 'false' to disable
2025-05-31T10:09:43.282+05:30  INFO 115440 --- [restartedMain] .e.DevToolsPropertyDefaultsPostProcessor : For additional web related logging consider setting the 'logging.level.web' property to 'DEBUG'
2025-05-31T10:09:45.704+05:30  INFO 115440 --- [restartedMain] .s.d.r.c.RepositoryConfigurationDelegate : Bootstrapping Spring Data JPA repositories in DEFAULT mode.
2025-05-31T10:09:46.267+05:30  INFO 115440 --- [restartedMain] .s.d.r.c.RepositoryConfigurationDelegate : Finished Spring Data repository scanning in 547 ms. Found 36 JPA repository interfaces.
2025-05-31T10:09:48.449+05:30  INFO 115440 --- [restartedMain] o.s.b.w.embedded.tomcat.TomcatWebServer  : Tomcat initialized with port(s): 8443 (https)
2025-05-31T10:09:48.472+05:30  INFO 115440 --- [restartedMain] o.apache.catalina.core.StandardService   : Starting service [Tomcat]
2025-05-31T10:09:48.473+05:30  INFO 115440 --- [restartedMain] o.apache.catalina.core.StandardEngine    : Starting Servlet engine: [Apache Tomcat/10.1.19]
2025-05-31T10:09:48.756+05:30  INFO 115440 --- [restartedMain] o.a.c.c.C.[Tomcat].[localhost].[/]       : Initializing Spring embedded WebApplicationContext
2025-05-31T10:09:48.756+05:30  INFO 115440 --- [restartedMain] w.s.c.ServletWebServerApplicationContext : Root WebApplicationContext: initialization completed in 5473 ms
2025-05-31T10:09:49.067+05:30  INFO 115440 --- [restartedMain] o.hibernate.jpa.internal.util.LogHelper  : HHH000204: Processing PersistenceUnitInfo [name: default]
2025-05-31T10:09:49.187+05:30  INFO 115440 --- [restartedMain] org.hibernate.Version                    : HHH000412: Hibernate ORM core version 6.2.22.Final
2025-05-31T10:09:49.193+05:30  INFO 115440 --- [restartedMain] org.hibernate.cfg.Environment            : HHH000406: Using bytecode reflection optimizer
2025-05-31T10:09:49.794+05:30  INFO 115440 --- [restartedMain] o.s.o.j.p.SpringPersistenceUnitInfo      : No LoadTimeWeaver setup: ignoring JPA class transformer
2025-05-31T10:09:49.906+05:30  INFO 115440 --- [restartedMain] com.zaxxer.hikari.HikariDataSource       : HikariPool-1 - Starting...
2025-05-31T10:09:50.238+05:30  INFO 115440 --- [restartedMain] com.zaxxer.hikari.pool.HikariPool        : HikariPool-1 - Added connection com.mysql.cj.jdbc.ConnectionImpl@674b6d47
2025-05-31T10:09:50.241+05:30  INFO 115440 --- [restartedMain] com.zaxxer.hikari.HikariDataSource       : HikariPool-1 - Start completed.
2025-05-31T10:09:50.317+05:30  WARN 115440 --- [restartedMain] org.hibernate.orm.deprecation            : HHH90000025: MySQLDialect does not need to be specified explicitly using 'hibernate.dialect' (remove the property setting and it will be selected by default)
2025-05-31T10:09:53.494+05:30  INFO 115440 --- [restartedMain] o.h.e.t.j.p.i.JtaPlatformInitiator       : HHH000489: No JTA platform available (set 'hibernate.transaction.jta.platform' to enable JTA platform integration)
2025-05-31T10:09:53.789+05:30  INFO 115440 --- [restartedMain] j.LocalContainerEntityManagerFactoryBean : Initialized JPA EntityManagerFactory for persistence unit 'default'
2025-05-31T10:09:55.746+05:30  INFO 115440 --- [restartedMain] o.s.d.j.r.query.QueryEnhancerFactory     : Hibernate is in classpath; If applicable, HQL parser will be used.
2025-05-31T10:09:58.779+05:30  WARN 115440 --- [restartedMain] JpaBaseConfiguration$JpaWebConfiguration : spring.jpa.open-in-view is enabled by default. Therefore, database queries may be performed during view rendering. Explicitly configure spring.jpa.open-in-view to disable this warning
2025-05-31T10:09:59.305+05:30  INFO 115440 --- [restartedMain] o.s.s.web.DefaultSecurityFilterChain     : Will secure any request with [org.springframework.security.web.session.DisableEncodeUrlFilter@33dc1714, org.springframework.security.web.context.request.async.WebAsyncManagerIntegrationFilter@3dbe1f27, org.springframework.security.web.context.SecurityContextHolderFilter@78baed01, org.springframework.security.web.header.HeaderWriterFilter@75ef3b54, org.springframework.security.web.authentication.logout.LogoutFilter@5fda8a03, com.coder.springjwt.security.jwt.AuthTokenFilter@326415aa, org.springframework.security.web.savedrequest.RequestCacheAwareFilter@203bd287, org.springframework.security.web.servletapi.SecurityContextHolderAwareRequestFilter@75140ad, org.springframework.security.web.authentication.AnonymousAuthenticationFilter@1e87b894, org.springframework.security.web.session.SessionManagementFilter@260162da, org.springframework.security.web.access.ExceptionTranslationFilter@1b511beb, org.springframework.security.web.access.intercept.AuthorizationFilter@6904f28c]
2025-05-31T10:10:00.651+05:30  INFO 115440 --- [restartedMain] o.s.b.d.a.OptionalLiveReloadServer       : LiveReload server is running on port 35729
2025-05-31T10:10:01.496+05:30  INFO 115440 --- [restartedMain] o.a.t.util.net.NioEndpoint.certificate   : Connector [https-jsse-nio-8443], TLS virtual host [_default_], certificate type [UNDEFINED] configured from keystore [C:\Users\amans\.keystore] using alias [mysslkey] with trust store [null]
2025-05-31T10:10:01.583+05:30  INFO 115440 --- [restartedMain] o.s.b.w.embedded.tomcat.TomcatWebServer  : Tomcat started on port(s): 8443 (https) with context path ''
2025-05-31T10:10:01.718+05:30  INFO 115440 --- [restartedMain] c.c.s.SpringBootServerApplication        : Started SpringBootServerApplication in 19.687 seconds (process running for 21.267)
2025-05-31T10:10:23.089+05:30  INFO 115440 --- [https-jsse-nio-8443-exec-9] o.a.c.c.C.[Tomcat].[localhost].[/]       : Initializing Spring DispatcherServlet 'dispatcherServlet'
2025-05-31T10:10:23.090+05:30  INFO 115440 --- [https-jsse-nio-8443-exec-9] o.s.web.servlet.DispatcherServlet        : Initializing Servlet 'dispatcherServlet'
2025-05-31T10:10:23.098+05:30  INFO 115440 --- [https-jsse-nio-8443-exec-9] o.s.web.servlet.DispatcherServlet        : Completed initialization in 7 ms
2025-05-31T10:10:24.241+05:30  INFO 115440 --- [https-jsse-nio-8443-exec-10] s.s.s.c.i.ProductNetQuantityServiceImple : Data fetch Success :::: {}com.coder.springjwt.services.sellerServices.catalogNetQuantityService.imple.ProductNetQuantityServiceImple
2025-05-31T10:10:46.773+05:30  INFO 115440 --- [https-jsse-nio-8443-exec-1] s.s.s.c.i.ProductNetQuantityServiceImple : Data fetch Success :::: {}com.coder.springjwt.services.sellerServices.catalogNetQuantityService.imple.ProductNetQuantityServiceImple
2025-05-31T10:10:47.135+05:30  INFO 115440 --- [https-jsse-nio-8443-exec-2] s.s.s.c.i.ProductNetQuantityServiceImple : Data fetch Success :::: {}com.coder.springjwt.services.sellerServices.catalogNetQuantityService.imple.ProductNetQuantityServiceImple
2025-05-31T10:10:47.589+05:30  INFO 115440 --- [https-jsse-nio-8443-exec-3] s.s.s.c.i.ProductNetQuantityServiceImple : Data fetch Success :::: {}com.coder.springjwt.services.sellerServices.catalogNetQuantityService.imple.ProductNetQuantityServiceImple
